  compilation object save succeeded; see C:\Users\tkouk\OneDrive\デスクトップ\AL3\Generated\Outputs\Release\TerrainPS.cso
  compilation object save succeeded; see C:\Users\tkouk\OneDrive\デスクトップ\AL3\Generated\Outputs\Release\TerrainVS.cso
  compilation object save succeeded; see C:\Users\tkouk\OneDrive\デスクトップ\AL3\Generated\Outputs\Release\ObjPS.cso
  compilation object save succeeded; see C:\Users\tkouk\OneDrive\デスクトップ\AL3\Generated\Outputs\Release\ObjVS.cso
  compilation object save succeeded; see C:\Users\tkouk\OneDrive\デスクトップ\AL3\Generated\Outputs\Release\PrimitivePS.cso
  compilation object save succeeded; see C:\Users\tkouk\OneDrive\デスクトップ\AL3\Generated\Outputs\Release\PrimitiveVS.cso
  compilation object save succeeded; see C:\Users\tkouk\OneDrive\デスクトップ\AL3\Generated\Outputs\Release\ShapePS.cso
  compilation object save succeeded; see C:\Users\tkouk\OneDrive\デスクトップ\AL3\Generated\Outputs\Release\ShapeVS.cso
  compilation object save succeeded; see C:\Users\tkouk\OneDrive\デスクトップ\AL3\Generated\Outputs\Release\SpritePS.cso
  compilation object save succeeded; see C:\Users\tkouk\OneDrive\デスクトップ\AL3\Generated\Outputs\Release\SpriteVS.cso
  ImGuiManager.cpp
  DirectXCommon.cpp
  WinApp.cpp
  main.cpp
  GameScene.cpp
  コード生成しています。
  Previous IPDB not found, fall back to full compilation.
  All 1274 functions were compiled because no usable IPDB/IOBJ from previous compilation was found.
  コード生成が終了しました。
  DirectXGame.vcxproj -> C:\Users\tkouk\OneDrive\デスクトップ\AL3\Generated\Outputs\Release\DirectXGame.exe
