  compilation object save succeeded; see C:\Users\tkouk\OneDrive\デスクトップ\AL3\Generated\Outputs\Debug\TerrainPS.cso
  compilation object save succeeded; see C:\Users\tkouk\OneDrive\デスクトップ\AL3\Generated\Outputs\Debug\TerrainVS.cso
  compilation object save succeeded; see C:\Users\tkouk\OneDrive\デスクトップ\AL3\Generated\Outputs\Debug\ObjPS.cso
  compilation object save succeeded; see C:\Users\tkouk\OneDrive\デスクトップ\AL3\Generated\Outputs\Debug\ObjVS.cso
  compilation object save succeeded; see C:\Users\tkouk\OneDrive\デスクトップ\AL3\Generated\Outputs\Debug\PrimitivePS.cso
  compilation object save succeeded; see C:\Users\tkouk\OneDrive\デスクトップ\AL3\Generated\Outputs\Debug\PrimitiveVS.cso
  compilation object save succeeded; see C:\Users\tkouk\OneDrive\デスクトップ\AL3\Generated\Outputs\Debug\ShapePS.cso
  compilation object save succeeded; see C:\Users\tkouk\OneDrive\デスクトップ\AL3\Generated\Outputs\Debug\ShapeVS.cso
  compilation object save succeeded; see C:\Users\tkouk\OneDrive\デスクトップ\AL3\Generated\Outputs\Debug\SpritePS.cso
  compilation object save succeeded; see C:\Users\tkouk\OneDrive\デスクトップ\AL3\Generated\Outputs\Debug\SpriteVS.cso
  ImGuiManager.cpp
  DirectXCommon.cpp
  WinApp.cpp
  main.cpp
  MapChipField.cpp
  myMath.cpp
  Player.cpp
  GameScene.cpp
  Skydome.cpp
  WorldTransformEX.cpp
  DirectXGame.vcxproj -> C:\Users\tkouk\OneDrive\デスクトップ\AL3\Generated\Outputs\Debug\DirectXGame.exe
